<?xml version="1.0" encoding="UTF-8"?>
<testsuite xmlns:xsi="http://www.w3.org/2001/XMLSchema-instance" xsi:noNamespaceSchemaLocation="https://maven.apache.org/surefire/maven-surefire-plugin/xsd/surefire-test-report-3.0.xsd" version="3.0" name="com.unicauca.usersystem.domain.service.UserServiceTest" time="1.67" tests="11" errors="0" skipped="0" failures="0">
  <properties>
[...]
</properties>
  <testcase name="testRegisterUser_EmptyPassword" classname="com.unicauca.usersystem.domain.service.UserServiceTest" time="1.468">
    <system-err><![CDATA[WARNING: A Java agent has been loaded dynamically (/home/ctos/.m2/repository/net/bytebuddy/byte-buddy-agent/1.14.6/byte-buddy-agent-1.14.6.jar)
WARNING: If a serviceability tool is in use, please run with -XX:+EnableDynamicAgentLoading to hide this warning
WARNING: If a serviceability tool is not in use, please run with -Djdk.instrument.traceUsage for more information
WARNING: Dynamic loading of agents will be disallowed by default in a future release
]]></system-err>
  </testcase>
  <testcase name="testRegisterUser_EmptyFullName" classname="com.unicauca.usersystem.domain.service.UserServiceTest" time="0.004"/>
  <testcase name="testRegisterUser_NullRole" classname="com.unicauca.usersystem.domain.service.UserServiceTest" time="0.004"/>
  <testcase name="testRegisterUser_StoresHashedPassword" classname="com.unicauca.usersystem.domain.service.UserServiceTest" time="0.068"/>
  <testcase name="testRegisterUser_Success" classname="com.unicauca.usersystem.domain.service.UserServiceTest" time="0.012"/>
  <testcase name="testAuthenticate_Success" classname="com.unicauca.usersystem.domain.service.UserServiceTest" time="0.009"/>
  <testcase name="testRegisterUser_EmptyLogin" classname="com.unicauca.usersystem.domain.service.UserServiceTest" time="0.005"/>
  <testcase name="testAuthenticate_InactiveUser" classname="com.unicauca.usersystem.domain.service.UserServiceTest" time="0.006"/>
  <testcase name="testRegisterUser_PasswordWithoutLowercaseIsValid" classname="com.unicauca.usersystem.domain.service.UserServiceTest" time="0.006"/>
  <testcase name="testRegisterUser_DuplicateLogin" classname="com.unicauca.usersystem.domain.service.UserServiceTest" time="0.005"/>
  <testcase name="testRegisterUser_InvalidPassword" classname="com.unicauca.usersystem.domain.service.UserServiceTest" time="0.003"/>
</testsuite>